[2022/05/01 01:06:37] minidlna.c:1134: warn: Starting MiniDLNA version 1.3.1.
[2022/05/01 01:06:37] minidlna.c:394: warn: Creating new database at /home/tunx404/.cache/minidlna/files.db
[2022/05/01 01:06:37] minidlna.c:1182: warn: HTTP listening on port 8200
[2022/05/01 01:06:37] scanner.c:731: warn: Scanning /home/tunx404/SSD2/Backups/MP4/VR
[2022/05/01 01:06:38] scanner.c:820: warn: Scanning /home/tunx404/SSD2/Backups/MP4/VR finished (122 files)!
[2022/05/01 01:06:38] playlist.c:135: warn: Parsing playlists...
[2022/05/01 01:06:38] playlist.c:269: warn: Finished parsing playlists.
[2022/05/01 01:07:05] minidlna.c:1029: fatal: MiniDLNA is already running. EXITING.
[2022/05/01 01:08:21] minidlna.c:1029: fatal: MiniDLNA is already running. EXITING.
[2022/05/01 01:09:45] upnphttp.c:2042: warn: Specified range was invalid!
[2022/05/01 01:10:29] upnphttp.c:2042: warn: Specified range was invalid!
[2022/05/01 01:17:59] upnphttp.c:1391: error: Error resolving path /home/tunx404/SSD2/Backups/MP4/VR/VRPorn.com/Compilation/The_Best_Cowgirl_Compilation_4K_original_f_VRBangers_vrporncom_180_LR.mp4: No such file or directory
[2022/05/01 01:17:59] upnphttp.c:1391: error: Error resolving path /home/tunx404/SSD2/Backups/MP4/VR/VRPorn.com/Compilation/The_Best_Cowgirl_Compilation_4K_original_f_VRBangers_vrporncom_180_LR.mp4: No such file or directory
[2022/05/01 01:17:59] upnphttp.c:1391: error: Error resolving path /home/tunx404/SSD2/Backups/MP4/VR/VRPorn.com/Compilation/asian_compilation_4K___np_swallowbay__180_lr.mp4: No such file or directory
[2022/05/01 01:17:59] upnphttp.c:1391: error: Error resolving path /home/tunx404/SSD2/Backups/MP4/VR/VRPorn.com/Compilation/asian_compilation_4K___np_swallowbay__180_lr.mp4: No such file or directory
[2022/05/01 01:18:00] upnphttp.c:1391: error: Error resolving path /home/tunx404/SSD2/Backups/MP4/VR/VRPorn.com/Compilation/best_of_stepdaughters_2021_part_1_4K___np_lethalhardcorevr__180_lr.mp4: No such file or directory
[2022/05/01 01:18:00] upnphttp.c:1391: error: Error resolving path /home/tunx404/SSD2/Backups/MP4/VR/VRPorn.com/Compilation/best_of_stepdaughters_2021_part_1_4K___np_lethalhardcorevr__180_lr.mp4: No such file or directory
[2022/05/01 01:18:00] upnphttp.c:1391: error: Error resolving path /home/tunx404/SSD2/Backups/MP4/VR/VRPorn.com/Compilation/cosplay_tv_show_compilation_4K_f_vrcosplayx_vrporncom_180_lr.mp4: No such file or directory
[2022/05/01 01:18:00] upnphttp.c:1391: error: Error resolving path /home/tunx404/SSD2/Backups/MP4/VR/VRPorn.com/Compilation/cosplay_tv_show_compilation_4K_f_vrcosplayx_vrporncom_180_lr.mp4: No such file or directory
[2022/05/01 01:18:01] upnphttp.c:1391: error: Error resolving path /home/tunx404/SSD2/Backups/MP4/VR/VRPorn.com/Compilation/hot_asians_compilation_4K_stream_f_realjamvr_vrporncom_180_lr.mp4: No such file or directory
[2022/05/01 01:18:01] upnphttp.c:1391: error: Error resolving path /home/tunx404/SSD2/Backups/MP4/VR/VRPorn.com/Compilation/hot_asians_compilation_4K_stream_f_realjamvr_vrporncom_180_lr.mp4: No such file or directory
[2022/05/01 01:18:03] upnphttp.c:1391: error: Error resolving path /home/tunx404/SSD2/Backups/MP4/VR/VRPorn.com/Compilation/hot_robbery_compilation_4K___np_realjamvr__180_lr.mp4: No such file or directory
[2022/05/01 01:18:03] upnphttp.c:1391: error: Error resolving path /home/tunx404/SSD2/Backups/MP4/VR/VRPorn.com/Compilation/hot_robbery_compilation_4K___np_realjamvr__180_lr.mp4: No such file or directory
[2022/05/01 01:18:06] upnphttp.c:1391: error: Error resolving path /home/tunx404/SSD2/Backups/MP4/VR/VRPorn.com/Compilation/orgasm_compilation_by_vrsolos_4K___np_vrsolos__180_lr.mp4: No such file or directory
[2022/05/01 01:18:06] upnphttp.c:1391: error: Error resolving path /home/tunx404/SSD2/Backups/MP4/VR/VRPorn.com/Compilation/orgasm_compilation_by_vrsolos_4K___np_vrsolos__180_lr.mp4: No such file or directory
[2022/05/01 01:18:09] upnphttp.c:1391: error: Error resolving path /home/tunx404/SSD2/Backups/MP4/VR/VRPorn.com/Compilation/orgasm_compilation_ii_by_vrsolos_4K___np_vrsolos__180_lr.mp4: No such file or directory
[2022/05/01 01:18:09] upnphttp.c:1391: error: Error resolving path /home/tunx404/SSD2/Backups/MP4/VR/VRPorn.com/Compilation/orgasm_compilation_ii_by_vrsolos_4K___np_vrsolos__180_lr.mp4: No such file or directory
[2022/05/01 01:18:12] upnphttp.c:1391: error: Error resolving path /home/tunx404/SSD2/Backups/MP4/VR/VRPorn.com/Compilation/orgasm_compilation_iii_4K___np_vrsolos__180_lr.mp4: No such file or directory
[2022/05/01 01:18:12] upnphttp.c:1391: error: Error resolving path /home/tunx404/SSD2/Backups/MP4/VR/VRPorn.com/Compilation/orgasm_compilation_iii_4K___np_vrsolos__180_lr.mp4: No such file or directory
[2022/05/01 01:18:15] upnphttp.c:1391: error: Error resolving path /home/tunx404/SSD2/Backups/MP4/VR/VRPorn.com/Compilation/outdoor_sex_special_compilation_4K_f_pornbcn_vrporncom_180_lr.mp4: No such file or directory
[2022/05/01 01:18:16] upnphttp.c:1391: error: Error resolving path /home/tunx404/SSD2/Backups/MP4/VR/VRPorn.com/Compilation/outdoor_sex_special_compilation_4K_f_pornbcn_vrporncom_180_lr.mp4: No such file or directory
[2022/05/01 01:18:19] upnphttp.c:1391: error: Error resolving path /home/tunx404/SSD2/Backups/MP4/VR/VRPorn.com/Compilation/teach_me_anal_compilation_4K_stream_f_realjamvr_vrporncom_180_lr.mp4: No such file or directory
[2022/05/01 01:18:19] upnphttp.c:1391: error: Error resolving path /home/tunx404/SSD2/Backups/MP4/VR/VRPorn.com/Compilation/teach_me_anal_compilation_4K_stream_f_realjamvr_vrporncom_180_lr.mp4: No such file or directory
[2022/05/01 01:18:22] upnphttp.c:1391: error: Error resolving path /home/tunx404/SSD2/Backups/MP4/VR/VRPorn.com/Compilation/the_best_anal_compilation_4K_stream_f_vrbangers_vrporncom_180_lr.mp4: No such file or directory
[2022/05/01 01:18:22] upnphttp.c:1391: error: Error resolving path /home/tunx404/SSD2/Backups/MP4/VR/VRPorn.com/Compilation/the_best_anal_compilation_4K_stream_f_vrbangers_vrporncom_180_lr.mp4: No such file or directory
[2022/05/01 01:18:25] upnphttp.c:1391: error: Error resolving path /home/tunx404/SSD2/Backups/MP4/VR/VRPorn.com/Compilation/the_best_asian_compilation_4K_stream_f_vrbangers_vrporncom_180_lr.mp4: No such file or directory
[2022/05/01 01:18:25] upnphttp.c:1391: error: Error resolving path /home/tunx404/SSD2/Backups/MP4/VR/VRPorn.com/Compilation/the_best_asian_compilation_4K_stream_f_vrbangers_vrporncom_180_lr.mp4: No such file or directory
[2022/05/01 01:18:28] upnphttp.c:1391: error: Error resolving path /home/tunx404/SSD2/Backups/MP4/VR/VRPorn.com/Compilation/the_best_of_21_4K___np_deepinsex__180_lr.mp4: No such file or directory
[2022/05/01 01:18:28] upnphttp.c:1391: error: Error resolving path /home/tunx404/SSD2/Backups/MP4/VR/VRPorn.com/Compilation/the_best_of_21_4K___np_deepinsex__180_lr.mp4: No such file or directory
[2022/05/01 01:18:32] upnphttp.c:1391: error: Error resolving path /home/tunx404/SSD2/Backups/MP4/VR/VRPorn.com/Compilation/the_best_teen_compilation_4K_stream_f_vrbangers__180_lr.mp4: No such file or directory
[2022/05/01 01:18:32] upnphttp.c:1391: error: Error resolving path /home/tunx404/SSD2/Backups/MP4/VR/VRPorn.com/Compilation/the_best_teen_compilation_4K_stream_f_vrbangers__180_lr.mp4: No such file or directory
[2022/05/01 01:18:35] upnphttp.c:1391: error: Error resolving path /home/tunx404/SSD2/Backups/MP4/VR/VRPorn.com/Compilation/the_best_threesome_compilation_4K_stream_f_vrbangers__180_lr.mp4: No such file or directory
[2022/05/01 01:18:35] upnphttp.c:1391: error: Error resolving path /home/tunx404/SSD2/Backups/MP4/VR/VRPorn.com/Compilation/the_best_threesome_compilation_4K_stream_f_vrbangers__180_lr.mp4: No such file or directory
[2022/05/01 01:18:38] upnphttp.c:1391: error: Error resolving path /home/tunx404/SSD2/Backups/MP4/VR/VRPorn.com/Compilation/the_hottest_teens_solos_4K_f_pornbcn_vrporncom_180_lr.mp4: No such file or directory
[2022/05/01 01:18:38] upnphttp.c:1391: error: Error resolving path /home/tunx404/SSD2/Backups/MP4/VR/VRPorn.com/Compilation/the_hottest_teens_solos_4K_f_pornbcn_vrporncom_180_lr.mp4: No such file or directory
[2022/05/01 01:18:41] upnphttp.c:1391: error: Error resolving path /home/tunx404/SSD2/Backups/MP4/VR/VRPorn.com/Compilation/the_ultimate_panty_ass_compilation_4K___np_stockingsvr__180_lr.mp4: No such file or directory
[2022/05/01 01:18:41] upnphttp.c:1391: error: Error resolving path /home/tunx404/SSD2/Backups/MP4/VR/VRPorn.com/Compilation/the_ultimate_panty_ass_compilation_4K___np_stockingsvr__180_lr.mp4: No such file or directory
[2022/05/01 01:18:45] upnphttp.c:1391: error: Error resolving path /home/tunx404/SSD2/Backups/MP4/VR/VRPorn.com/Compilation/threesome_compilation_4K___np_realjamvr__180_lr.mp4: No such file or directory
[2022/05/01 01:18:45] upnphttp.c:1391: error: Error resolving path /home/tunx404/SSD2/Backups/MP4/VR/VRPorn.com/Compilation/threesome_compilation_4K___np_realjamvr__180_lr.mp4: No such file or directory
[2022/05/01 01:18:48] upnphttp.c:1391: error: Error resolving path /home/tunx404/SSD2/Backups/MP4/VR/VRPorn.com/Compilation/threesome_in_us_compilation_4K___np_realjamvr__180_lr.mp4: No such file or directory
[2022/05/01 01:18:48] upnphttp.c:1391: error: Error resolving path /home/tunx404/SSD2/Backups/MP4/VR/VRPorn.com/Compilation/threesome_in_us_compilation_4K___np_realjamvr__180_lr.mp4: No such file or directory
[2022/05/01 01:18:51] upnphttp.c:1391: error: Error resolving path /home/tunx404/SSD2/Backups/MP4/VR/VRPorn.com/Compilation/vr_anal_compilation_newts1_4K_stream_f_realitylovers_vrporncom_180_lr.mp4: No such file or directory
[2022/05/01 01:18:51] upnphttp.c:1391: error: Error resolving path /home/tunx404/SSD2/Backups/MP4/VR/VRPorn.com/Compilation/vr_anal_compilation_newts1_4K_stream_f_realitylovers_vrporncom_180_lr.mp4: No such file or directory
[2022/05/01 01:18:54] upnphttp.c:1391: error: Error resolving path /home/tunx404/SSD2/Backups/MP4/VR/VRPorn.com/Compilation/vrporncom_hologirlsvr_200th_release_celebration__vr_porn_compilation_ovm_360_TB.mp4: No such file or directory
[2022/05/01 01:18:54] upnphttp.c:1391: error: Error resolving path /home/tunx404/SSD2/Backups/MP4/VR/VRPorn.com/Compilation/vrporncom_hologirlsvr_200th_release_celebration__vr_porn_compilation_ovm_360_TB.mp4: No such file or directory
[2022/05/01 01:18:57] upnphttp.c:1391: error: Error resolving path /home/tunx404/SSD2/Backups/MP4/VR/VRPorn.com/Compilation/vrporncom_hologirlsvr_the_hologfe_compilation__virtual_reality_porn_xxx_ovm_360_TB.mp4: No such file or directory
[2022/05/01 01:18:57] upnphttp.c:1391: error: Error resolving path /home/tunx404/SSD2/Backups/MP4/VR/VRPorn.com/Compilation/vrporncom_hologirlsvr_the_hologfe_compilation__virtual_reality_porn_xxx_ovm_360_TB.mp4: No such file or directory
[2022/05/01 01:19:01] upnphttp.c:1391: error: Error resolving path /home/tunx404/SSD2/Backups/MP4/VR/VRPorn.com/Pornstars/Aizawa Haruka/vrporncom_jvrporn_a_luxury_tutorial_aizawa_haruka_ovm_180_LR.mp4: No such file or directory
[2022/05/01 01:19:01] upnphttp.c:1391: error: Error resolving path /home/tunx404/SSD2/Backups/MP4/VR/VRPorn.com/Pornstars/Aizawa Haruka/vrporncom_jvrporn_a_luxury_tutorial_aizawa_haruka_ovm_180_LR.mp4: No such file or directory
[2022/05/01 01:19:01] upnphttp.c:1391: error: Error resolving path /home/tunx404/SSD2/Backups/MP4/VR/VRPorn.com/Pornstars/Aizawa Haruka/vrporncom_jvrporn_private_teacher_private_time_part_1__aizawa_haruka_japanese_vr_oculus_vive_180_lr.mp4: No such file or directory
[2022/05/01 01:19:01] upnphttp.c:1391: error: Error resolving path /home/tunx404/SSD2/Backups/MP4/VR/VRPorn.com/Pornstars/Aizawa Haruka/vrporncom_jvrporn_private_teacher_private_time_part_1__aizawa_haruka_japanese_vr_oculus_vive_180_lr.mp4: No such file or directory
[2022/05/01 01:19:01] upnphttp.c:1391: error: Error resolving path /home/tunx404/SSD2/Backups/MP4/VR/VRPorn.com/Pornstars/Aizawa Haruka/vrporncom_jvrporn_private_teacher_private_time_part_2_oculus_vive_180_LR.mp4: No such file or directory
[2022/05/01 01:19:01] upnphttp.c:1391: error: Error resolving path /home/tunx404/SSD2/Backups/MP4/VR/VRPorn.com/Pornstars/Aizawa Haruka/vrporncom_jvrporn_private_teacher_private_time_part_2_oculus_vive_180_LR.mp4: No such file or directory
[2022/05/01 01:19:02] upnphttp.c:1391: error: Error resolving path /home/tunx404/SSD2/Backups/MP4/VR/VRPorn.com/Pornstars/Aizawa Haruka/vrporncom_jvrporn_there_are_some_secrets_for_excellent_students_aizawa_haruka_ovm_180_LR.mp4: No such file or directory
[2022/05/01 01:19:02] upnphttp.c:1391: error: Error resolving path /home/tunx404/SSD2/Backups/MP4/VR/VRPorn.com/Pornstars/Aizawa Haruka/vrporncom_jvrporn_there_are_some_secrets_for_excellent_students_aizawa_haruka_ovm_180_LR.mp4: No such file or directory
[2022/05/01 01:19:02] upnphttp.c:1391: error: Error resolving path /home/tunx404/SSD2/Backups/MP4/VR/VRPorn.com/Pornstars/Aizawa Haruka/vrporncom_vrbangers_final_sexam__sexy_japanese_private_tutor_xxx_ovm_180_LR.mp4: No such file or directory
[2022/05/01 01:19:02] upnphttp.c:1391: error: Error resolving path /home/tunx404/SSD2/Backups/MP4/VR/VRPorn.com/Pornstars/Aizawa Haruka/vrporncom_vrbangers_final_sexam__sexy_japanese_private_tutor_xxx_ovm_180_LR.mp4: No such file or directory
[2022/05/01 01:19:04] upnphttp.c:1391: error: Error resolving path /home/tunx404/SSD2/Backups/MP4/VR/VRPorn.com/Pornstars/Alessa Savage/dolls_kill_newts_4K_f_virtualrealporn_vrporncom_180_lr.mp4: No such file or directory
[2022/05/01 01:19:04] upnphttp.c:1391: error: Error resolving path /home/tunx404/SSD2/Backups/MP4/VR/VRPorn.com/Pornstars/Alessa Savage/dolls_kill_newts_4K_f_virtualrealporn_vrporncom_180_lr.mp4: No such file or directory
[2022/05/01 01:19:04] upnphttp.c:1391: error: Error resolving path /home/tunx404/SSD2/Backups/MP4/VR/VRPorn.com/Pornstars/Alessa Savage/savage_girlfull_4K_stream_f_virtualrealporn_vrporncom_180_lr.mp4: No such file or directory
[2022/05/01 01:19:04] upnphttp.c:1391: error: Error resolving path /home/tunx404/SSD2/Backups/MP4/VR/VRPorn.com/Pornstars/Alessa Savage/savage_girlfull_4K_stream_f_virtualrealporn_vrporncom_180_lr.mp4: No such file or directory
[2022/05/01 01:19:04] upnphttp.c:1391: error: Error resolving path /home/tunx404/SSD2/Backups/MP4/VR/VRPorn.com/Pornstars/Alessa Savage/vrporncom_virtualrealporn_black_friday_night__sexy_threesome_ovm_180_LR.mp4: No such file or directory
[2022/05/01 01:19:04] upnphttp.c:1391: error: Error resolving path /home/tunx404/SSD2/Backups/MP4/VR/VRPorn.com/Pornstars/Alessa Savage/vrporncom_virtualrealporn_black_friday_night__sexy_threesome_ovm_180_LR.mp4: No such file or directory
[2022/05/01 01:19:05] upnphttp.c:1391: error: Error resolving path /home/tunx404/SSD2/Backups/MP4/VR/VRPorn.com/Pornstars/Alessa Savage/vrporncom_virtualrealporn_hot_drinks__threesome_with_2_hotties_in_the_bar_oculus_vive_180_LR.mp4: No such file or directory
[2022/05/01 01:19:05] upnphttp.c:1391: error: Error resolving path /home/tunx404/SSD2/Backups/MP4/VR/VRPorn.com/Pornstars/Alessa Savage/vrporncom_virtualrealporn_hot_drinks__threesome_with_2_hotties_in_the_bar_oculus_vive_180_LR.mp4: No such file or directory
[2022/05/01 01:19:06] upnphttp.c:1391: error: Error resolving path /home/tunx404/SSD2/Backups/MP4/VR/VRPorn.com/Pornstars/Alessa Savage/vrporncom_vrcosplayx_jinx_christmas_a_xxx_parody_ovm_180_LR.mp4: No such file or directory
[2022/05/01 01:19:06] upnphttp.c:1391: error: Error resolving path /home/tunx404/SSD2/Backups/MP4/VR/VRPorn.com/Pornstars/Alessa Savage/vrporncom_vrcosplayx_jinx_christmas_a_xxx_parody_ovm_180_LR.mp4: No such file or directory
[2022/05/01 01:19:07] upnphttp.c:1391: error: Error resolving path /home/tunx404/SSD2/Backups/MP4/VR/VRPorn.com/Pornstars/Alessa Savage/vrporncom_vrcosplayx_lol__jinx_xxx_parody_ovm_180_LR.mp4: No such file or directory
[2022/05/01 01:19:07] upnphttp.c:1391: error: Error resolving path /home/tunx404/SSD2/Backups/MP4/VR/VRPorn.com/Pornstars/Alessa Savage/vrporncom_vrcosplayx_lol__jinx_xxx_parody_ovm_180_LR.mp4: No such file or directory
[2022/05/01 01:19:10] upnphttp.c:1391: error: Error resolving path /home/tunx404/SSD2/Backups/MP4/VR/VRPorn.com/Pornstars/Alexia Anders/alexias_trainer_makes_her_squirt_4K_f_lethalhardcorevr_vrporncom_180_lr.mp4: No such file or directory
[2022/05/01 01:19:10] upnphttp.c:1391: error: Error resolving path /home/tunx404/SSD2/Backups/MP4/VR/VRPorn.com/Pornstars/Alexia Anders/alexias_trainer_makes_her_squirt_4K_f_lethalhardcorevr_vrporncom_180_lr.mp4: No such file or directory
[2022/05/01 01:19:11] upnphttp.c:1391: error: Error resolving path /home/tunx404/SSD2/Backups/MP4/VR/VRPorn.com/Pornstars/Alexia Anders/cream_me_big_stepbrother_4K_f_vrbangers_vrporncom_180_lr.mp4: No such file or directory
[2022/05/01 01:19:11] upnphttp.c:1391: error: Error resolving path /home/tunx404/SSD2/Backups/MP4/VR/VRPorn.com/Pornstars/Alexia Anders/cream_me_big_stepbrother_4K_f_vrbangers_vrporncom_180_lr.mp4: No such file or directory
[2022/05/01 01:19:11] upnphttp.c:1391: error: Error resolving path /home/tunx404/SSD2/Backups/MP4/VR/VRPorn.com/Pornstars/Alexia Anders/mighty_wizard_xxx_parody_4K_f_vrconk_vrporncom_180_lr.mp4: No such file or directory
[2022/05/01 01:19:11] upnphttp.c:1391: error: Error resolving path /home/tunx404/SSD2/Backups/MP4/VR/VRPorn.com/Pornstars/Alexia Anders/mighty_wizard_xxx_parody_4K_f_vrconk_vrporncom_180_lr.mp4: No such file or directory
[2022/05/01 01:19:11] upnphttp.c:1391: error: Error resolving path /home/tunx404/SSD2/Backups/MP4/VR/VRPorn.com/Pornstars/Alexia Anders/sweet_revenge_4K_stream_f_vrbangers_vrporncom_180_lr.mp4: No such file or directory
[2022/05/01 01:19:11] upnphttp.c:1391: error: Error resolving path /home/tunx404/SSD2/Backups/MP4/VR/VRPorn.com/Pornstars/Alexia Anders/sweet_revenge_4K_stream_f_vrbangers_vrporncom_180_lr.mp4: No such file or directory
[2022/05/01 01:19:12] upnphttp.c:1391: error: Error resolving path /home/tunx404/SSD2/Backups/MP4/VR/VRPorn.com/Pornstars/Alexia Anders/the_big_tease_test_4K___np_vrbangers__180_lr.mp4: No such file or directory
[2022/05/01 01:19:12] upnphttp.c:1391: error: Error resolving path /home/tunx404/SSD2/Backups/MP4/VR/VRPorn.com/Pornstars/Alexia Anders/the_big_tease_test_4K___np_vrbangers__180_lr.mp4: No such file or directory
[2022/05/01 01:19:14] upnphttp.c:1391: error: Error resolving path /home/tunx404/SSD2/Backups/MP4/VR/VRPorn.com/Pornstars/Leana Lovings/babysitter_surprise_4K___np_vrallure__180_lr.mp4: No such file or directory
[2022/05/01 01:19:14] upnphttp.c:1391: error: Error resolving path /home/tunx404/SSD2/Backups/MP4/VR/VRPorn.com/Pornstars/Leana Lovings/babysitter_surprise_4K___np_vrallure__180_lr.mp4: No such file or directory
[2022/05/01 01:19:14] upnphttp.c:1391: error: Error resolving path /home/tunx404/SSD2/Backups/MP4/VR/VRPorn.com/Pornstars/Leana Lovings/christmas_three_4K___np_vrbangers__180_lr.mp4: No such file or directory
[2022/05/01 01:19:14] upnphttp.c:1391: error: Error resolving path /home/tunx404/SSD2/Backups/MP4/VR/VRPorn.com/Pornstars/Leana Lovings/christmas_three_4K___np_vrbangers__180_lr.mp4: No such file or directory
[2022/05/01 01:19:14] upnphttp.c:1391: error: Error resolving path /home/tunx404/SSD2/Backups/MP4/VR/VRPorn.com/Pornstars/Leana Lovings/erotic_novel_new_4K___np_deepinsex__180_lr.mp4: No such file or directory
[2022/05/01 01:19:14] upnphttp.c:1391: error: Error resolving path /home/tunx404/SSD2/Backups/MP4/VR/VRPorn.com/Pornstars/Leana Lovings/erotic_novel_new_4K___np_deepinsex__180_lr.mp4: No such file or directory
[2022/05/01 01:19:15] upnphttp.c:1391: error: Error resolving path /home/tunx404/SSD2/Backups/MP4/VR/VRPorn.com/Pornstars/Leana Lovings/just_another_step_4K___np_vrhush__180_lr.mp4: No such file or directory
[2022/05/01 01:19:15] upnphttp.c:1391: error: Error resolving path /home/tunx404/SSD2/Backups/MP4/VR/VRPorn.com/Pornstars/Leana Lovings/just_another_step_4K___np_vrhush__180_lr.mp4: No such file or directory
[2022/05/01 01:19:15] upnphttp.c:1391: error: Error resolving path /home/tunx404/SSD2/Backups/MP4/VR/VRPorn.com/Pornstars/Leana Lovings/realjamcasting_leana_lovings_4K___np_realjamvr__180_lr.mp4: No such file or directory
[2022/05/01 01:19:15] upnphttp.c:1391: error: Error resolving path /home/tunx404/SSD2/Backups/MP4/VR/VRPorn.com/Pornstars/Leana Lovings/realjamcasting_leana_lovings_4K___np_realjamvr__180_lr.mp4: No such file or directory
[2022/05/01 01:19:17] upnphttp.c:1391: error: Error resolving path /home/tunx404/SSD2/Backups/MP4/VR/VRPorn.com/Pornstars/Leana Lovings/sam_meets_siri_4K___np_vrconk__180_lr.mp4: No such file or directory
[2022/05/01 01:19:17] upnphttp.c:1391: error: Error resolving path /home/tunx404/SSD2/Backups/MP4/VR/VRPorn.com/Pornstars/Leana Lovings/sam_meets_siri_4K___np_vrconk__180_lr.mp4: No such file or directory
[2022/05/01 01:19:20] upnphttp.c:1391: error: Error resolving path /home/tunx404/SSD2/Backups/MP4/VR/VRPorn.com/Pornstars/Lexi Luna/bargain_banging__digitally_remastered_newts231_4K___np_milfvr__180_lr.mp4: No such file or directory
[2022/05/01 01:19:20] upnphttp.c:1391: error: Error resolving path /home/tunx404/SSD2/Backups/MP4/VR/VRPorn.com/Pornstars/Lexi Luna/bargain_banging__digitally_remastered_newts231_4K___np_milfvr__180_lr.mp4: No such file or directory
[2022/05/01 01:19:20] upnphttp.c:1391: error: Error resolving path /home/tunx404/SSD2/Backups/MP4/VR/VRPorn.com/Pornstars/Lexi Luna/covid_homeschooling_4K___np_vrbangers__180_lr.mp4: No such file or directory
[2022/05/01 01:19:20] upnphttp.c:1391: error: Error resolving path /home/tunx404/SSD2/Backups/MP4/VR/VRPorn.com/Pornstars/Lexi Luna/covid_homeschooling_4K___np_vrbangers__180_lr.mp4: No such file or directory
[2022/05/01 01:19:21] upnphttp.c:1391: error: Error resolving path /home/tunx404/SSD2/Backups/MP4/VR/VRPorn.com/Pornstars/Lexi Luna/dry_ink_wet_pussy_newts1_4K_stream_f_milfvr_vrporncom_180_lr.mp4: No such file or directory
[2022/05/01 01:19:21] upnphttp.c:1391: error: Error resolving path /home/tunx404/SSD2/Backups/MP4/VR/VRPorn.com/Pornstars/Lexi Luna/dry_ink_wet_pussy_newts1_4K_stream_f_milfvr_vrporncom_180_lr.mp4: No such file or directory
[2022/05/01 01:19:21] upnphttp.c:1391: error: Error resolving path /home/tunx404/SSD2/Backups/MP4/VR/VRPorn.com/Pornstars/Lexi Luna/housewife_rush_4K_f_vrconk_vrporncom_180_lr.mp4: No such file or directory
[2022/05/01 01:19:21] upnphttp.c:1391: error: Error resolving path /home/tunx404/SSD2/Backups/MP4/VR/VRPorn.com/Pornstars/Lexi Luna/housewife_rush_4K_f_vrconk_vrporncom_180_lr.mp4: No such file or directory
[2022/05/01 01:19:22] upnphttp.c:1391: error: Error resolving path /home/tunx404/SSD2/Backups/MP4/VR/VRPorn.com/Pornstars/Lexi Luna/love_and_marriage_newts201_4K___np_vrbangers__180_lr.mp4: No such file or directory
[2022/05/01 01:19:22] upnphttp.c:1391: error: Error resolving path /home/tunx404/SSD2/Backups/MP4/VR/VRPorn.com/Pornstars/Lexi Luna/love_and_marriage_newts201_4K___np_vrbangers__180_lr.mp4: No such file or directory
[2022/05/01 01:19:23] upnphttp.c:1391: error: Error resolving path /home/tunx404/SSD2/Backups/MP4/VR/VRPorn.com/Pornstars/Lexi Luna/vrporncom_vrbangers_inside_the_ar_conk_ovm_180_LR.mp4: No such file or directory
[2022/05/01 01:19:23] upnphttp.c:1391: error: Error resolving path /home/tunx404/SSD2/Backups/MP4/VR/VRPorn.com/Pornstars/Lexi Luna/vrporncom_vrbangers_inside_the_ar_conk_ovm_180_LR.mp4: No such file or directory
[2022/05/01 01:19:27] upnphttp.c:1391: error: Error resolving path /home/tunx404/SSD2/Backups/MP4/VR/VRPorn.com/Pornstars/Lulu Chu/lulu_chu_as_a_birthday_gift_4K___np_realjamvr__180_lr.mp4: No such file or directory
[2022/05/01 01:19:27] upnphttp.c:1391: error: Error resolving path /home/tunx404/SSD2/Backups/MP4/VR/VRPorn.com/Pornstars/Lulu Chu/lulu_chu_as_a_birthday_gift_4K___np_realjamvr__180_lr.mp4: No such file or directory
[2022/05/01 01:19:27] upnphttp.c:1391: error: Error resolving path /home/tunx404/SSD2/Backups/MP4/VR/VRPorn.com/Pornstars/Lulu Chu/lulus_red_hot_jello_4K___np_swallowbay__180_lr.mp4: No such file or directory
[2022/05/01 01:19:27] upnphttp.c:1391: error: Error resolving path /home/tunx404/SSD2/Backups/MP4/VR/VRPorn.com/Pornstars/Lulu Chu/lulus_red_hot_jello_4K___np_swallowbay__180_lr.mp4: No such file or directory
[2022/05/01 01:19:27] upnphttp.c:1391: error: Error resolving path /home/tunx404/SSD2/Backups/MP4/VR/VRPorn.com/Pornstars/Lulu Chu/pocket_hoe_4K_f_vrconk_vrporncom_180_lr.mp4: No such file or directory
[2022/05/01 01:19:27] upnphttp.c:1391: error: Error resolving path /home/tunx404/SSD2/Backups/MP4/VR/VRPorn.com/Pornstars/Lulu Chu/pocket_hoe_4K_f_vrconk_vrporncom_180_lr.mp4: No such file or directory
[2022/05/01 01:19:27] upnphttp.c:1391: error: Error resolving path /home/tunx404/SSD2/Backups/MP4/VR/VRPorn.com/Pornstars/Lulu Chu/vrporncom_realjamvr_hot_asian_lulu_chu_ovm_180_LR.mp4: No such file or directory
[2022/05/01 01:19:27] upnphttp.c:1391: error: Error resolving path /home/tunx404/SSD2/Backups/MP4/VR/VRPorn.com/Pornstars/Lulu Chu/vrporncom_realjamvr_hot_asian_lulu_chu_ovm_180_LR.mp4: No such file or directory
[2022/05/01 01:19:28] upnphttp.c:1391: error: Error resolving path /home/tunx404/SSD2/Backups/MP4/VR/VRPorn.com/Pornstars/Lulu Chu/vrporncom_vrbangers_little_asian_brat_ovm_180_LR.mp4: No such file or directory
[2022/05/01 01:19:28] upnphttp.c:1391: error: Error resolving path /home/tunx404/SSD2/Backups/MP4/VR/VRPorn.com/Pornstars/Lulu Chu/vrporncom_vrbangers_little_asian_brat_ovm_180_LR.mp4: No such file or directory
[2022/05/01 01:19:30] upnphttp.c:1391: error: Error resolving path /home/tunx404/SSD2/Backups/MP4/VR/VRPorn.com/Pornstars/Madi Collins/madi_collinsfirst_vr_shoot_4K_stream_f_vrfirsttimer_vrporncom_180_lr.mp4: No such file or directory
[2022/05/01 01:19:30] upnphttp.c:1391: error: Error resolving path /home/tunx404/SSD2/Backups/MP4/VR/VRPorn.com/Pornstars/Madi Collins/madi_collinsfirst_vr_shoot_4K_stream_f_vrfirsttimer_vrporncom_180_lr.mp4: No such file or directory
[2022/05/01 01:19:30] upnphttp.c:1391: error: Error resolving path /home/tunx404/SSD2/Backups/MP4/VR/VRPorn.com/Pornstars/Madi Collins/threesome_with_hot_redhead_madi_collins_4K___np_jackandjill__180_lr.mp4: No such file or directory
[2022/05/01 01:19:30] upnphttp.c:1391: error: Error resolving path /home/tunx404/SSD2/Backups/MP4/VR/VRPorn.com/Pornstars/Madi Collins/threesome_with_hot_redhead_madi_collins_4K___np_jackandjill__180_lr.mp4: No such file or directory
[2022/05/01 01:19:30] upnphttp.c:1391: error: Error resolving path /home/tunx404/SSD2/Backups/MP4/VR/VRPorn.com/Pornstars/Miriya/emiri_crashes_her_stepsisters_english_lesson_4K___np_covertjapan__180_tb.mp4: No such file or directory
[2022/05/01 01:19:30] upnphttp.c:1391: error: Error resolving path /home/tunx404/SSD2/Backups/MP4/VR/VRPorn.com/Pornstars/Miriya/emiri_crashes_her_stepsisters_english_lesson_4K___np_covertjapan__180_tb.mp4: No such file or directory
[2022/05/01 01:19:30] upnphttp.c:1391: error: Error resolving path /home/tunx404/SSD2/Backups/MP4/VR/VRPorn.com/Pornstars/Miriya/lets_summon_the_magic_fox_starring_miriya_4K_stream_f_covertjapan_vrporncom_180_tb.mp4: No such file or directory
[2022/05/01 01:19:30] upnphttp.c:1391: error: Error resolving path /home/tunx404/SSD2/Backups/MP4/VR/VRPorn.com/Pornstars/Miriya/lets_summon_the_magic_fox_starring_miriya_4K_stream_f_covertjapan_vrporncom_180_tb.mp4: No such file or directory
[2022/05/01 01:19:31] upnphttp.c:1391: error: Error resolving path /home/tunx404/SSD2/Backups/MP4/VR/VRPorn.com/Pornstars/Miriya/massage_your_girlfriend_miriya_then_cum_inside_her_4K_stream_f_covertjapan_vrporncom_180_tb.mp4: No such file or directory
[2022/05/01 01:19:31] upnphttp.c:1391: error: Error resolving path /home/tunx404/SSD2/Backups/MP4/VR/VRPorn.com/Pornstars/Miriya/massage_your_girlfriend_miriya_then_cum_inside_her_4K_stream_f_covertjapan_vrporncom_180_tb.mp4: No such file or directory
[2022/05/01 01:19:31] upnphttp.c:1391: error: Error resolving path /home/tunx404/SSD2/Backups/MP4/VR/VRPorn.com/Pornstars/Miriya/misa__miriyas_happy_fun_fun_howto_video__part_1_4K_stream_f_covertjapan_vrporncom_180_tb.mp4: No such file or directory
[2022/05/01 01:19:31] upnphttp.c:1391: error: Error resolving path /home/tunx404/SSD2/Backups/MP4/VR/VRPorn.com/Pornstars/Miriya/misa__miriyas_happy_fun_fun_howto_video__part_1_4K_stream_f_covertjapan_vrporncom_180_tb.mp4: No such file or directory
[2022/05/01 01:19:32] upnphttp.c:1391: error: Error resolving path /home/tunx404/SSD2/Backups/MP4/VR/VRPorn.com/Pornstars/Miriya/misa__miriyas_happy_fun_fun_howto_video__part_2_newts2_4K_stream_f_covertjapan_vrporncom_180_tb.mp4: No such file or directory
[2022/05/01 01:19:32] upnphttp.c:1391: error: Error resolving path /home/tunx404/SSD2/Backups/MP4/VR/VRPorn.com/Pornstars/Miriya/misa__miriyas_happy_fun_fun_howto_video__part_2_newts2_4K_stream_f_covertjapan_vrporncom_180_tb.mp4: No such file or directory
[2022/05/01 01:19:34] upnphttp.c:1391: error: Error resolving path /home/tunx404/SSD2/Backups/MP4/VR/VRPorn.com/Pornstars/Sari Kawai/vrporncom_jvrporn_interesting_prank_in_library_ovm_180_LR.mp4: No such file or directory
[2022/05/01 01:19:34] upnphttp.c:1391: error: Error resolving path /home/tunx404/SSD2/Backups/MP4/VR/VRPorn.com/Pornstars/Sari Kawai/vrporncom_jvrporn_interesting_prank_in_library_ovm_180_LR.mp4: No such file or directory
[2022/05/01 01:19:34] upnphttp.c:1391: error: Error resolving path /home/tunx404/SSD2/Backups/MP4/VR/VRPorn.com/Pornstars/Sari Kawai/vrporncom_jvrporn_slutty_new_boss_encourages_her_employee_with_a_different_way_ovm_180_LR.mp4: No such file or directory
[2022/05/01 01:19:34] upnphttp.c:1391: error: Error resolving path /home/tunx404/SSD2/Backups/MP4/VR/VRPorn.com/Pornstars/Sari Kawai/vrporncom_jvrporn_slutty_new_boss_encourages_her_employee_with_a_different_way_ovm_180_LR.mp4: No such file or directory
[2022/05/01 01:19:34] upnphttp.c:1391: error: Error resolving path /home/tunx404/SSD2/Backups/MP4/VR/VRPorn.com/Pornstars/Sari Kawai/vrporncom_jvrporn_your_new_colleague_wants_to_ask_me_something_at_her_place_ovm_180_LR.mp4: No such file or directory
[2022/05/01 01:19:34] upnphttp.c:1391: error: Error resolving path /home/tunx404/SSD2/Backups/MP4/VR/VRPorn.com/Pornstars/Sari Kawai/vrporncom_jvrporn_your_new_colleague_wants_to_ask_me_something_at_her_place_ovm_180_LR.mp4: No such file or directory
[2022/05/01 01:19:34] upnphttp.c:1391: error: Error resolving path /home/tunx404/SSD2/Backups/MP4/VR/VRPorn.com/Pornstars/Suzumiya Kotone/vrporncom_jvrporn_high_class_of_maid_service_threesome_ovm_180_LR.mp4: No such file or directory
[2022/05/01 01:19:34] upnphttp.c:1391: error: Error resolving path /home/tunx404/SSD2/Backups/MP4/VR/VRPorn.com/Pornstars/Suzumiya Kotone/vrporncom_jvrporn_high_class_of_maid_service_threesome_ovm_180_LR.mp4: No such file or directory
[2022/05/01 01:19:35] upnphttp.c:1391: error: Error resolving path /home/tunx404/SSD2/Backups/MP4/VR/VRPorn.com/Pornstars/Suzumiya Kotone/vrporncom_jvrporn_innocent_horny_teens__hardcore_asian_virtual_reality_threesome_oculus_vive_180_LR.mp4: No such file or directory
[2022/05/01 01:19:35] upnphttp.c:1391: error: Error resolving path /home/tunx404/SSD2/Backups/MP4/VR/VRPorn.com/Pornstars/Suzumiya Kotone/vrporncom_jvrporn_innocent_horny_teens__hardcore_asian_virtual_reality_threesome_oculus_vive_180_LR.mp4: No such file or directory
[2022/05/01 01:19:35] upnphttp.c:1391: error: Error resolving path /home/tunx404/SSD2/Backups/MP4/VR/VRPorn.com/Pornstars/Suzumiya Kotone/vrporncom_jvrporn_lets_enjoy_two_japanese_maids_threesome_ovm_180_LR.mp4: No such file or directory
[2022/05/01 01:19:35] upnphttp.c:1391: error: Error resolving path /home/tunx404/SSD2/Backups/MP4/VR/VRPorn.com/Pornstars/Suzumiya Kotone/vrporncom_jvrporn_lets_enjoy_two_japanese_maids_threesome_ovm_180_LR.mp4: No such file or directory
[2022/05/01 01:19:35] upnphttp.c:1391: error: Error resolving path /home/tunx404/SSD2/Backups/MP4/VR/VRPorn.com/Pornstars/Suzumiya Kotone/vrporncom_jvrporn_perfect_wife_should_be_like_this__hot_asian_teen_vr_blowjob_oculus_vive_180_LR.mp4: No such file or directory
[2022/05/01 01:19:35] upnphttp.c:1391: error: Error resolving path /home/tunx404/SSD2/Backups/MP4/VR/VRPorn.com/Pornstars/Suzumiya Kotone/vrporncom_jvrporn_perfect_wife_should_be_like_this__hot_asian_teen_vr_blowjob_oculus_vive_180_LR.mp4: No such file or directory
[2022/05/01 01:19:36] upnphttp.c:1391: error: Error resolving path /home/tunx404/SSD2/Backups/MP4/VR/VRPorn.com/Pornstars/Suzumiya Kotone/vrporncom_jvrporn_special_exercise_before_sleep_suzumiya_kotone_ovm_180_LR.mp4: No such file or directory
[2022/05/01 01:19:36] upnphttp.c:1391: error: Error resolving path /home/tunx404/SSD2/Backups/MP4/VR/VRPorn.com/Pornstars/Suzumiya Kotone/vrporncom_jvrporn_special_exercise_before_sleep_suzumiya_kotone_ovm_180_LR.mp4: No such file or directory
[2022/05/01 01:19:38] upnphttp.c:1391: error: Error resolving path /home/tunx404/SSD2/Backups/MP4/VR/VRPorn.com/Pornstars/Suzumiya Kotone/vrporncom_jvrporn_suzumiya_kotone_wants_you_to_take_her_to_your_room_vr_ovm_180_LR.mp4: No such file or directory
[2022/05/01 01:19:38] upnphttp.c:1391: error: Error resolving path /home/tunx404/SSD2/Backups/MP4/VR/VRPorn.com/Pornstars/Suzumiya Kotone/vrporncom_jvrporn_suzumiya_kotone_wants_you_to_take_her_to_your_room_vr_ovm_180_LR.mp4: No such file or directory
[2022/05/01 01:19:41] upnphttp.c:1391: error: Error resolving path /home/tunx404/SSD2/Backups/MP4/VR/VRPorn.com/Pornstars/Suzumiya Kotone/vrporncom_jvrporn_threesome_training_with_two_cult_girls__japanese_teen_porn_vr_oculus_vive_180_LR.mp4: No such file or directory
[2022/05/01 01:19:41] upnphttp.c:1391: error: Error resolving path /home/tunx404/SSD2/Backups/MP4/VR/VRPorn.com/Pornstars/Suzumiya Kotone/vrporncom_jvrporn_threesome_training_with_two_cult_girls__japanese_teen_porn_vr_oculus_vive_180_LR.mp4: No such file or directory
[2022/05/01 01:19:44] upnphttp.c:1391: error: Error resolving path /home/tunx404/SSD2/Backups/MP4/VR/VRPorn.com/Pornstars/Suzumiya Kotone/vrporncom_jvrporn_tram_geeks_lucky_day_suzumiya_kotone_ovm_180_LR.mp4: No such file or directory
[2022/05/01 01:19:44] upnphttp.c:1391: error: Error resolving path /home/tunx404/SSD2/Backups/MP4/VR/VRPorn.com/Pornstars/Suzumiya Kotone/vrporncom_jvrporn_tram_geeks_lucky_day_suzumiya_kotone_ovm_180_LR.mp4: No such file or directory
[2022/05/01 01:19:47] upnphttp.c:1391: error: Error resolving path /home/tunx404/SSD2/Backups/MP4/VR/VRPorn.com/Pornstars/Suzumiya Kotone/vrporncom_jvrporn_what_better_way_to_start_the_day__young_petite_asian_wife_oculus_vive_180_LR.mp4: No such file or directory
[2022/05/01 01:19:47] upnphttp.c:1391: error: Error resolving path /home/tunx404/SSD2/Backups/MP4/VR/VRPorn.com/Pornstars/Suzumiya Kotone/vrporncom_jvrporn_what_better_way_to_start_the_day__young_petite_asian_wife_oculus_vive_180_LR.mp4: No such file or directory
[2022/05/01 01:19:50] minidlna.c:199: warn: received signal 15, good-bye
[2022/05/01 01:19:50] minidlna.c:217: warn: received signal 1, reloading
[2022/05/01 01:19:51] minissdp.c:816: error: sendto(udp_shutdown=8): Network is unreachable
[2022/05/01 01:19:51] minissdp.c:816: error: sendto(udp_shutdown=8): Network is unreachable
[2022/05/01 01:21:24] minidlna.c:1134: warn: Starting MiniDLNA version 1.3.1.
[2022/05/01 01:21:24] minidlna.c:396: warn: New media_dir detected; rebuilding...
[2022/05/01 01:21:24] scanner.c:731: warn: Scanning /home/tunx404/SSD2/Backups/DLNA
[2022/05/01 01:21:24] minidlna.c:1182: warn: HTTP listening on port 8200
[2022/05/01 01:21:26] scanner.c:820: warn: Scanning /home/tunx404/SSD2/Backups/DLNA finished (122 files)!
[2022/05/01 01:21:26] playlist.c:135: warn: Parsing playlists...
[2022/05/01 01:21:26] playlist.c:269: warn: Finished parsing playlists.
[2022/05/01 01:23:20] minidlna.c:199: warn: received signal 15, good-bye
